SF:lib/src/core/entities/ds_command.dart
DA:18,2
DA:28,1
DA:29,2
DA:30,2
DA:31,2
DA:32,1
DA:33,1
DA:34,1
DA:35,2
DA:36,2
DA:40,0
DA:42,0
DA:44,0
DA:47,0
DA:48,0
DA:50,1
DA:52,1
DA:53,3
DA:54,3
DA:55,3
DA:56,3
DA:57,3
DA:58,3
DA:59,3
DA:60,3
LF:25
LH:20
end_of_record
SF:lib/src/core/entities/ds_data_class.dart
DA:28,3
DA:29,1
DA:30,2
DA:33,1
DA:34,2
DA:36,1
DA:37,1
DA:38,1
LF:8
LH:8
end_of_record
SF:lib/src/core/entities/ds_data_point.dart
DA:25,1
DA:36,1
DA:37,2
DA:38,2
DA:39,1
DA:40,1
DA:41,1
DA:42,2
DA:43,1
DA:44,1
DA:45,1
DA:49,0
DA:51,0
DA:53,0
DA:55,0
DA:56,0
DA:57,0
DA:58,0
DA:59,0
DA:60,0
DA:61,0
DA:62,0
DA:63,0
LF:23
LH:11
end_of_record
SF:lib/src/core/entities/ds_data_type.dart
DA:17,3
DA:18,1
DA:19,2
DA:22,1
DA:23,1
DA:24,2
DA:26,1
DA:27,1
DA:28,1
DA:34,0
DA:36,0
LF:11
LH:9
end_of_record
SF:lib/src/core/entities/ds_point_path.dart
DA:5,0
DA:11,0
DA:12,0
LF:3
LH:0
end_of_record
SF:lib/src/core/entities/ds_status.dart
DA:12,6
DA:13,2
DA:14,4
DA:17,1
DA:18,1
DA:20,1
DA:22,1
DA:24,1
DA:25,1
DA:30,2
DA:31,4
DA:33,2
DA:35,2
DA:36,2
DA:42,0
DA:44,0
LF:16
LH:14
end_of_record
SF:lib/src/core/entities/ds_timestamp.dart
DA:10,6
DA:26,1
DA:27,1
DA:29,1
DA:31,1
DA:32,1
DA:33,1
DA:39,9
DA:42,6
DA:44,3
DA:46,6
DA:48,2
DA:50,2
DA:51,6
DA:52,6
LF:15
LH:15
end_of_record
SF:lib/src/core/error/failure.dart
DA:8,11
DA:12,11
DA:13,11
DA:18,0
DA:21,0
DA:24,0
DA:27,0
DA:30,0
DA:33,0
DA:36,0
DA:39,0
DA:42,1
DA:45,1
DA:48,4
DA:51,4
DA:53,0
DA:56,0
DA:59,0
DA:62,0
LF:19
LH:7
end_of_record
SF:lib/src/core/log/log.dart
DA:5,12
DA:15,12
DA:16,0
DA:17,0
DA:18,0
DA:20,24
DA:22,48
DA:24,0
DA:27,12
LF:9
LH:5
end_of_record
SF:lib/src/core/result/result.dart
DA:9,6
DA:13,6
DA:17,1
DA:18,1
DA:22,3
DA:26,1
DA:27,1
DA:31,3
DA:35,2
DA:37,2
DA:39,1
DA:43,1
DA:45,1
DA:47,1
DA:49,1
DA:51,0
DA:56,0
DA:58,0
LF:18
LH:15
end_of_record
